<?xml version="1.0" encoding="UTF-8"?>
<testsuite name="de.htwberlin.webtech.WebtechprojektApplicationTests" tests="1" skipped="0" failures="0" errors="0" timestamp="2023-10-14T19:32:52" hostname="Maxs-Air-3.fritz.box" time="0.447">
  <properties/>
  <testcase name="contextLoads()" classname="de.htwberlin.webtech.WebtechprojektApplicationTests" time="0.447"/>
  <system-out><![CDATA[21:32:51.841 [Test worker] INFO org.springframework.test.context.support.AnnotationConfigContextLoaderUtils -- Could not detect default configuration classes for test class [de.htwberlin.webtech.WebtechprojektApplicationTests]: WebtechprojektApplicationTests does not declare any static, non-private, non-final, nested classes annotated with @Configuration.
21:32:51.889 [Test worker] INFO org.springframework.boot.test.context.SpringBootTestContextBootstrapper -- Found @SpringBootConfiguration de.htwberlin.webtech.WebtechprojektApplication for test class de.htwberlin.webtech.WebtechprojektApplicationTests

  .   ____          _            __ _ _
 /\\ / ___'_ __ _ _(_)_ __  __ _ \ \ \ \
( ( )\___ | '_ | '_| | '_ \/ _` | \ \ \ \
 \\/  ___)| |_)| | | | | || (_| |  ) ) ) )
  '  |____| .__|_| |_|_| |_\__, | / / / /
 =========|_|==============|___/=/_/_/_/
 :: Spring Boot ::                (v3.1.4)

2023-10-14T21:32:52.057+02:00  INFO 97481 --- [    Test worker] d.h.w.WebtechprojektApplicationTests     : Starting WebtechprojektApplicationTests using Java 21 with PID 97481 (started by maxbudde in /Users/maxbudde/WebTechProjekt)
2023-10-14T21:32:52.058+02:00  INFO 97481 --- [    Test worker] d.h.w.WebtechprojektApplicationTests     : No active profile set, falling back to 1 default profile: "default"
2023-10-14T21:32:52.591+02:00  INFO 97481 --- [    Test worker] d.h.w.WebtechprojektApplicationTests     : Started WebtechprojektApplicationTests in 0.639 seconds (process running for 1.302)
]]></system-out>
  <system-err><![CDATA[WARNING: A Java agent has been loaded dynamically (/Users/maxbudde/.gradle/caches/modules-2/files-2.1/net.bytebuddy/byte-buddy-agent/1.14.8/ae6ebe485f3bcd0a1e20241488a32e6400a501ef/byte-buddy-agent-1.14.8.jar)
WARNING: If a serviceability tool is in use, please run with -XX:+EnableDynamicAgentLoading to hide this warning
WARNING: If a serviceability tool is not in use, please run with -Djdk.instrument.traceUsage for more information
WARNING: Dynamic loading of agents will be disallowed by default in a future release
]]></system-err>
</testsuite>
